<?xml version="1.0" encoding="UTF-8"?>
<!-- Generated by org.testng.reporters.JUnitReportReporter -->
<testsuite hostname="W-8LVJ593" failures="0" tests="2" name="SelLearning.FirstTestNG" time="0.010" errors="0" timestamp="2024-02-14T13:46:32 IST" skipped="0">
  <testcase classname="SelLearning.FirstTestNG" name="Test1" time="0.007"/>
  <system-out/>
  <testcase classname="SelLearning.FirstTestNG" name="Test2" time="0.003"/>
  <system-out/>
</testsuite> <!-- SelLearning.FirstTestNG -->
